<?xml version="1.0" encoding="UTF-8"?>
<testng-results ignored="0" total="2" passed="2" failed="0" skipped="0">
  <reporter-output>
  </reporter-output>
  <suite started-at="2023-07-03T20:39:59 IST" name="Default suite" finished-at="2023-07-03T20:40:23 IST" duration-ms="24145">
    <groups>
    </groups>
    <test started-at="2023-07-03T20:39:59 IST" name="Default test" finished-at="2023-07-03T20:40:23 IST" duration-ms="24145">
      <class name="demo1.Testscript1">
        <test-method is-config="true" signature="openappln()[pri:0, instance:demo1.Testscript1@1021f6c9]" started-at="2023-07-03T20:39:59 IST" name="openappln" finished-at="2023-07-03T20:40:08 IST" duration-ms="9075" status="PASS">
          <reporter-output>
          </reporter-output>
        </test-method> <!-- openappln -->
        <test-method signature="test1(java.lang.String,java.lang.String)[pri:0, instance:demo1.Testscript1@1021f6c9]" started-at="2023-07-03T20:40:08 IST" name="test1" data-provider="testdata" finished-at="2023-07-03T20:40:12 IST" duration-ms="4282" status="PASS">
          <params>
            <param index="0">
              <value>
                <![CDATA[harshitha]]>
              </value>
            </param>
            <param index="1">
              <value>
                <![CDATA[1234]]>
              </value>
            </param>
          </params>
          <reporter-output>
          </reporter-output>
        </test-method> <!-- test1 -->
        <test-method is-config="true" signature="closeappln(org.testng.ITestResult)[pri:0, instance:demo1.Testscript1@1021f6c9]" started-at="2023-07-03T20:40:12 IST" name="closeappln" finished-at="2023-07-03T20:40:13 IST" duration-ms="665" status="PASS">
          <params>
            <param index="0">
              <value>
                <![CDATA[[TestResult name=test1 status=SUCCESS method=Testscript1.test1(java.lang.String,java.lang.String)[pri:0, instance:demo1.Testscript1@1021f6c9] output={null}]]]>
              </value>
            </param>
          </params>
          <reporter-output>
          </reporter-output>
        </test-method> <!-- closeappln -->
        <test-method is-config="true" signature="openappln()[pri:0, instance:demo1.Testscript1@1021f6c9]" started-at="2023-07-03T20:40:13 IST" name="openappln" finished-at="2023-07-03T20:40:19 IST" duration-ms="6208" status="PASS">
          <reporter-output>
          </reporter-output>
        </test-method> <!-- openappln -->
        <test-method signature="test1(java.lang.String,java.lang.String)[pri:0, instance:demo1.Testscript1@1021f6c9]" started-at="2023-07-03T20:40:19 IST" name="test1" data-provider="testdata" finished-at="2023-07-03T20:40:22 IST" duration-ms="3342" status="PASS">
          <params>
            <param index="0">
              <value>
                <![CDATA[lohith]]>
              </value>
            </param>
            <param index="1">
              <value>
                <![CDATA[3455]]>
              </value>
            </param>
          </params>
          <reporter-output>
          </reporter-output>
        </test-method> <!-- test1 -->
        <test-method is-config="true" signature="closeappln(org.testng.ITestResult)[pri:0, instance:demo1.Testscript1@1021f6c9]" started-at="2023-07-03T20:40:22 IST" name="closeappln" finished-at="2023-07-03T20:40:23 IST" duration-ms="506" status="PASS">
          <params>
            <param index="0">
              <value>
                <![CDATA[[TestResult name=test1 status=SUCCESS method=Testscript1.test1(java.lang.String,java.lang.String)[pri:0, instance:demo1.Testscript1@1021f6c9] output={null}]]]>
              </value>
            </param>
          </params>
          <reporter-output>
          </reporter-output>
        </test-method> <!-- closeappln -->
      </class> <!-- demo1.Testscript1 -->
    </test> <!-- Default test -->
  </suite> <!-- Default suite -->
</testng-results>
